# JRE version: OpenJDK Runtime Environment Temurin-21.0.10+7 (21.0.10+7) (build 21.0.10+7-LTS)
# Java VM: OpenJDK 64-Bit Server VM Temurin-21.0.10+7 (21.0.10+7-LTS, mixed mode, sharing, tiered, compressed oops, compressed class ptrs, parallel gc, windows-amd64)
GC Precious Log:
 CardTable entry size: 512
 CPUs: 12 total, 12 available
 Memory: 16076M
 Large Page Support: Disabled
 NUMA Support: Disabled
 Compressed Oops: Enabled (32-bit)
 Alignments: Space 512K, Generation 512K, Heap 2M
 Heap Min Capacity: 100M
 Heap Initial Capacity: 100M
 Heap Max Capacity: 2G
 Pre-touch: Disabled
 Parallel Workers: 10
Heap:
 PSYoungGen      total 12800K, used 4829K [0x00000000d5580000, 0x00000000d6400000, 0x0000000100000000)
  eden space 11776K, 33% used [0x00000000d5580000,0x00000000d5967698,0x00000000d6100000)
  from space 1024K, 81% used [0x00000000d6300000,0x00000000d63d0000,0x00000000d6400000)
  to   space 1536K, 0% used [0x00000000d6100000,0x00000000d6100000,0x00000000d6280000)
 ParOldGen       total 108544K, used 71650K [0x0000000080000000, 0x0000000086a00000, 0x00000000d5580000)
  object space 108544K, 66% used [0x0000000080000000,0x00000000845f8b08,0x0000000086a00000)
 Metaspace       used 60830K, committed 62336K, reserved 1114112K
  class space    used 6471K, committed 7168K, reserved 1048576K
GC Heap History (20 events):
Event: 96.246 GC heap before
{Heap before GC invocations=106 (full 2):
 PSYoungGen      total 13824K, used 9836K [0x00000000d5580000, 0x00000000d6700000, 0x0000000100000000)
  eden space 11776K, 72% used [0x00000000d5580000,0x00000000d5de3210,0x00000000d6100000)
  from space 2048K, 60% used [0x00000000d6300000,0x00000000d6438010,0x00000000d6500000)
  to   space 1536K, 0% used [0x00000000d6580000,0x00000000d6580000,0x00000000d6700000)
 ParOldGen       total 107520K, used 107337K [0x0000000080000000, 0x0000000086900000, 0x00000000d5580000)
  object space 107520K, 99% used [0x0000000080000000,0x00000000868d2400,0x0000000086900000)
 Metaspace       used 58381K, committed 59776K, reserved 1114112K
  class space    used 6292K, committed 6912K, reserved 1048576K
}
Event: 96.252 GC heap after
{Heap after GC invocations=106 (full 2):
 PSYoungGen      total 12800K, used 928K [0x00000000d5580000, 0x00000000d6680000, 0x0000000100000000)
  eden space 11776K, 0% used [0x00000000d5580000,0x00000000d5580000,0x00000000d6100000)
  from space 1024K, 90% used [0x00000000d6580000,0x00000000d6668010,0x00000000d6680000)
  to   space 1536K, 0% used [0x00000000d6380000,0x00000000d6380000,0x00000000d6500000)
 ParOldGen       total 108544K, used 108449K [0x0000000080000000, 0x0000000086a00000, 0x00000000d5580000)
  object space 108544K, 99% used [0x0000000080000000,0x00000000869e8410,0x0000000086a00000)
 Metaspace       used 58381K, committed 59776K, reserved 1114112K
  class space    used 6292K, committed 6912K, reserved 1048576K
}
Event: 96.252 GC heap before
{Heap before GC invocations=107 (full 3):
 PSYoungGen      total 12800K, used 928K [0x00000000d5580000, 0x00000000d6680000, 0x0000000100000000)
  eden space 11776K, 0% used [0x00000000d5580000,0x00000000d5580000,0x00000000d6100000)
  from space 1024K, 90% used [0x00000000d6580000,0x00000000d6668010,0x00000000d6680000)
  to   space 1536K, 0% used [0x00000000d6380000,0x00000000d6380000,0x00000000d6500000)
 ParOldGen       total 108544K, used 108449K [0x0000000080000000, 0x0000000086a00000, 0x00000000d5580000)
  object space 108544K, 99% used [0x0000000080000000,0x00000000869e8410,0x0000000086a00000)
 Metaspace       used 58381K, committed 59776K, reserved 1114112K
  class space    used 6292K, committed 6912K, reserved 1048576K
}
Event: 96.485 GC heap after
{Heap after GC invocations=107 (full 3):
 PSYoungGen      total 12800K, used 0K [0x00000000d5580000, 0x00000000d6680000, 0x0000000100000000)
  eden space 11776K, 0% used [0x00000000d5580000,0x00000000d5580000,0x00000000d6100000)
  from space 1024K, 0% used [0x00000000d6580000,0x00000000d6580000,0x00000000d6680000)
  to   space 1536K, 0% used [0x00000000d6380000,0x00000000d6380000,0x00000000d6500000)
 ParOldGen       total 108544K, used 65931K [0x0000000080000000, 0x0000000086a00000, 0x00000000d5580000)
  object space 108544K, 60% used [0x0000000080000000,0x0000000084062dc8,0x0000000086a00000)
 Metaspace       used 58381K, committed 59776K, reserved 1114112K
  class space    used 6292K, committed 6912K, reserved 1048576K
}
Event: 97.403 GC heap before
{Heap before GC invocations=108 (full 3):
 PSYoungGen      total 12800K, used 11776K [0x00000000d5580000, 0x00000000d6680000, 0x0000000100000000)
  eden space 11776K, 100% used [0x00000000d5580000,0x00000000d6100000,0x00000000d6100000)
  from space 1024K, 0% used [0x00000000d6580000,0x00000000d6580000,0x00000000d6680000)
  to   space 1536K, 0% used [0x00000000d6380000,0x00000000d6380000,0x00000000d6500000)
 ParOldGen       total 108544K, used 65931K [0x0000000080000000, 0x0000000086a00000, 0x00000000d5580000)
  object space 108544K, 60% used [0x0000000080000000,0x0000000084062dc8,0x0000000086a00000)
 Metaspace       used 58924K, committed 60352K, reserved 1114112K
  class space    used 6328K, committed 6976K, reserved 1048576K
}
Event: 97.408 GC heap after
{Heap after GC invocations=108 (full 3):
 PSYoungGen      total 13312K, used 1511K [0x00000000d5580000, 0x00000000d6600000, 0x0000000100000000)
  eden space 11776K, 0% used [0x00000000d5580000,0x00000000d5580000,0x00000000d6100000)
  from space 1536K, 98% used [0x00000000d6380000,0x00000000d64f9e78,0x00000000d6500000)
  to   space 1024K, 0% used [0x00000000d6500000,0x00000000d6500000,0x00000000d6600000)
 ParOldGen       total 108544K, used 65931K [0x0000000080000000, 0x0000000086a00000, 0x00000000d5580000)
  object space 108544K, 60% used [0x0000000080000000,0x0000000084062dc8,0x0000000086a00000)
 Metaspace       used 58924K, committed 60352K, reserved 1114112K
  class space    used 6328K, committed 6976K, reserved 1048576K
}
Event: 98.502 GC heap before
{Heap before GC invocations=109 (full 3):
 PSYoungGen      total 13312K, used 13287K [0x00000000d5580000, 0x00000000d6600000, 0x0000000100000000)
  eden space 11776K, 100% used [0x00000000d5580000,0x00000000d6100000,0x00000000d6100000)
  from space 1536K, 98% used [0x00000000d6380000,0x00000000d64f9e78,0x00000000d6500000)
  to   space 1024K, 0% used [0x00000000d6500000,0x00000000d6500000,0x00000000d6600000)
 ParOldGen       total 108544K, used 65931K [0x0000000080000000, 0x0000000086a00000, 0x00000000d5580000)
  object space 108544K, 60% used [0x0000000080000000,0x0000000084062dc8,0x0000000086a00000)
 Metaspace       used 59426K, committed 60928K, reserved 1114112K
  class space    used 6390K, committed 7040K, reserved 1048576K
}
Event: 98.507 GC heap after
{Heap after GC invocations=109 (full 3):
 PSYoungGen      total 12800K, used 995K [0x00000000d5580000, 0x00000000d6700000, 0x0000000100000000)
  eden space 11776K, 0% used [0x00000000d5580000,0x00000000d5580000,0x00000000d6100000)
  from space 1024K, 97% used [0x00000000d6500000,0x00000000d65f8c50,0x00000000d6600000)
  to   space 3072K, 0% used [0x00000000d6100000,0x00000000d6100000,0x00000000d6400000)
 ParOldGen       total 108544K, used 67447K [0x0000000080000000, 0x0000000086a00000, 0x00000000d5580000)
  object space 108544K, 62% used [0x0000000080000000,0x00000000841ddff8,0x0000000086a00000)
 Metaspace       used 59426K, committed 60928K, reserved 1114112K
  class space    used 6390K, committed 7040K, reserved 1048576K
}
Event: 99.381 GC heap before
{Heap before GC invocations=110 (full 3):
 PSYoungGen      total 12800K, used 12771K [0x00000000d5580000, 0x00000000d6700000, 0x0000000100000000)
  eden space 11776K, 100% used [0x00000000d5580000,0x00000000d6100000,0x00000000d6100000)
  from space 1024K, 97% used [0x00000000d6500000,0x00000000d65f8c50,0x00000000d6600000)
  to   space 3072K, 0% used [0x00000000d6100000,0x00000000d6100000,0x00000000d6400000)
 ParOldGen       total 108544K, used 67447K [0x0000000080000000, 0x0000000086a00000, 0x00000000d5580000)
  object space 108544K, 62% used [0x0000000080000000,0x00000000841ddff8,0x0000000086a00000)
 Metaspace       used 60016K, committed 61504K, reserved 1114112K
  class space    used 6449K, committed 7104K, reserved 1048576K
}
Event: 99.385 GC heap after
{Heap after GC invocations=110 (full 3):
 PSYoungGen      total 13312K, used 1344K [0x00000000d5580000, 0x00000000d6580000, 0x0000000100000000)
  eden space 11776K, 0% used [0x00000000d5580000,0x00000000d5580000,0x00000000d6100000)
  from space 1536K, 87% used [0x00000000d6100000,0x00000000d6250000,0x00000000d6280000)
  to   space 2048K, 0% used [0x00000000d6380000,0x00000000d6380000,0x00000000d6580000)
 ParOldGen       total 108544K, used 68390K [0x0000000080000000, 0x0000000086a00000, 0x00000000d5580000)
  object space 108544K, 63% used [0x0000000080000000,0x00000000842c99d8,0x0000000086a00000)
 Metaspace       used 60016K, committed 61504K, reserved 1114112K
  class space    used 6449K, committed 7104K, reserved 1048576K
}
Event: 100.263 GC heap before
{Heap before GC invocations=111 (full 3):
 PSYoungGen      total 13312K, used 13120K [0x00000000d5580000, 0x00000000d6580000, 0x0000000100000000)
  eden space 11776K, 100% used [0x00000000d5580000,0x00000000d6100000,0x00000000d6100000)
  from space 1536K, 87% used [0x00000000d6100000,0x00000000d6250000,0x00000000d6280000)
  to   space 2048K, 0% used [0x00000000d6380000,0x00000000d6380000,0x00000000d6580000)
 ParOldGen       total 108544K, used 68390K [0x0000000080000000, 0x0000000086a00000, 0x00000000d5580000)
  object space 108544K, 63% used [0x0000000080000000,0x00000000842c99d8,0x0000000086a00000)
 Metaspace       used 60094K, committed 61568K, reserved 1114112K
  class space    used 6449K, committed 7104K, reserved 1048576K
}
Event: 100.267 GC heap after
{Heap after GC invocations=111 (full 3):
 PSYoungGen      total 13312K, used 1152K [0x00000000d5580000, 0x00000000d6500000, 0x0000000100000000)
  eden space 11776K, 0% used [0x00000000d5580000,0x00000000d5580000,0x00000000d6100000)
  from space 1536K, 75% used [0x00000000d6380000,0x00000000d64a0000,0x00000000d6500000)
  to   space 1536K, 0% used [0x00000000d6100000,0x00000000d6100000,0x00000000d6280000)
 ParOldGen       total 108544K, used 69437K [0x0000000080000000, 0x0000000086a00000, 0x00000000d5580000)
  object space 108544K, 63% used [0x0000000080000000,0x00000000843cf6f8,0x0000000086a00000)
 Metaspace       used 60094K, committed 61568K, reserved 1114112K
  class space    used 6449K, committed 7104K, reserved 1048576K
}
Event: 101.145 GC heap before
{Heap before GC invocations=112 (full 3):
 PSYoungGen      total 13312K, used 12928K [0x00000000d5580000, 0x00000000d6500000, 0x0000000100000000)
  eden space 11776K, 100% used [0x00000000d5580000,0x00000000d6100000,0x00000000d6100000)
  from space 1536K, 75% used [0x00000000d6380000,0x00000000d64a0000,0x00000000d6500000)
  to   space 1536K, 0% used [0x00000000d6100000,0x00000000d6100000,0x00000000d6280000)
 ParOldGen       total 108544K, used 69437K [0x0000000080000000, 0x0000000086a00000, 0x00000000d5580000)
  object space 108544K, 63% used [0x0000000080000000,0x00000000843cf6f8,0x0000000086a00000)
 Metaspace       used 60332K, committed 61824K, reserved 1114112K
  class space    used 6460K, committed 7104K, reserved 1048576K
}
Event: 101.149 GC heap after
{Heap after GC invocations=112 (full 3):
 PSYoungGen      total 13312K, used 1236K [0x00000000d5580000, 0x00000000d6400000, 0x0000000100000000)
  eden space 11776K, 0% used [0x00000000d5580000,0x00000000d5580000,0x00000000d6100000)
  from space 1536K, 80% used [0x00000000d6100000,0x00000000d6235220,0x00000000d6280000)
  to   space 1536K, 0% used [0x00000000d6280000,0x00000000d6280000,0x00000000d6400000)
 ParOldGen       total 108544K, used 70197K [0x0000000080000000, 0x0000000086a00000, 0x00000000d5580000)
  object space 108544K, 64% used [0x0000000080000000,0x000000008448d6f8,0x0000000086a00000)
 Metaspace       used 60332K, committed 61824K, reserved 1114112K
  class space    used 6460K, committed 7104K, reserved 1048576K
}
Event: 102.086 GC heap before
{Heap before GC invocations=113 (full 3):
 PSYoungGen      total 13312K, used 13012K [0x00000000d5580000, 0x00000000d6400000, 0x0000000100000000)
  eden space 11776K, 100% used [0x00000000d5580000,0x00000000d6100000,0x00000000d6100000)
  from space 1536K, 80% used [0x00000000d6100000,0x00000000d6235220,0x00000000d6280000)
  to   space 1536K, 0% used [0x00000000d6280000,0x00000000d6280000,0x00000000d6400000)
 ParOldGen       total 108544K, used 70197K [0x0000000080000000, 0x0000000086a00000, 0x00000000d5580000)
  object space 108544K, 64% used [0x0000000080000000,0x000000008448d6f8,0x0000000086a00000)
 Metaspace       used 60607K, committed 62144K, reserved 1114112K
  class space    used 6465K, committed 7168K, reserved 1048576K
}
Event: 102.090 GC heap after
{Heap after GC invocations=113 (full 3):
 PSYoungGen      total 13312K, used 1018K [0x00000000d5580000, 0x00000000d6400000, 0x0000000100000000)
  eden space 11776K, 0% used [0x00000000d5580000,0x00000000d5580000,0x00000000d6100000)
  from space 1536K, 66% used [0x00000000d6280000,0x00000000d637e920,0x00000000d6400000)
  to   space 1536K, 0% used [0x00000000d6100000,0x00000000d6100000,0x00000000d6280000)
 ParOldGen       total 108544K, used 70597K [0x0000000080000000, 0x0000000086a00000, 0x00000000d5580000)
  object space 108544K, 65% used [0x0000000080000000,0x00000000844f16f8,0x0000000086a00000)
 Metaspace       used 60607K, committed 62144K, reserved 1114112K
  class space    used 6465K, committed 7168K, reserved 1048576K
}
Event: 102.934 GC heap before
{Heap before GC invocations=114 (full 3):
 PSYoungGen      total 13312K, used 12794K [0x00000000d5580000, 0x00000000d6400000, 0x0000000100000000)
  eden space 11776K, 100% used [0x00000000d5580000,0x00000000d6100000,0x00000000d6100000)
  from space 1536K, 66% used [0x00000000d6280000,0x00000000d637e920,0x00000000d6400000)
  to   space 1536K, 0% used [0x00000000d6100000,0x00000000d6100000,0x00000000d6280000)
 ParOldGen       total 108544K, used 70597K [0x0000000080000000, 0x0000000086a00000, 0x00000000d5580000)
  object space 108544K, 65% used [0x0000000080000000,0x00000000844f16f8,0x0000000086a00000)
 Metaspace       used 60720K, committed 62272K, reserved 1114112K
  class space    used 6470K, committed 7168K, reserved 1048576K
}
Event: 102.938 GC heap after
{Heap after GC invocations=114 (full 3):
 PSYoungGen      total 13312K, used 1532K [0x00000000d5580000, 0x00000000d6500000, 0x0000000100000000)
  eden space 11776K, 0% used [0x00000000d5580000,0x00000000d5580000,0x00000000d6100000)
  from space 1536K, 99% used [0x00000000d6100000,0x00000000d627f080,0x00000000d6280000)
  to   space 2048K, 0% used [0x00000000d6300000,0x00000000d6300000,0x00000000d6500000)
 ParOldGen       total 108544K, used 70861K [0x0000000080000000, 0x0000000086a00000, 0x00000000d5580000)
  object space 108544K, 65% used [0x0000000080000000,0x00000000845336f8,0x0000000086a00000)
 Metaspace       used 60720K, committed 62272K, reserved 1114112K
  class space    used 6470K, committed 7168K, reserved 1048576K
}
Event: 104.250 GC heap before
{Heap before GC invocations=115 (full 3):
 PSYoungGen      total 13312K, used 13308K [0x00000000d5580000, 0x00000000d6500000, 0x0000000100000000)
  eden space 11776K, 100% used [0x00000000d5580000,0x00000000d6100000,0x00000000d6100000)
  from space 1536K, 99% used [0x00000000d6100000,0x00000000d627f080,0x00000000d6280000)
  to   space 2048K, 0% used [0x00000000d6300000,0x00000000d6300000,0x00000000d6500000)
 ParOldGen       total 108544K, used 70861K [0x0000000080000000, 0x0000000086a00000, 0x00000000d5580000)
  object space 108544K, 65% used [0x0000000080000000,0x00000000845336f8,0x0000000086a00000)
 Metaspace       used 60785K, committed 62272K, reserved 1114112K
  class space    used 6471K, committed 7168K, reserved 1048576K
}
Event: 104.254 GC heap after
{Heap after GC invocations=115 (full 3):
 PSYoungGen      total 12800K, used 832K [0x00000000d5580000, 0x00000000d6400000, 0x0000000100000000)
  eden space 11776K, 0% used [0x00000000d5580000,0x00000000d5580000,0x00000000d6100000)
  from space 1024K, 81% used [0x00000000d6300000,0x00000000d63d0000,0x00000000d6400000)
  to   space 1536K, 0% used [0x00000000d6100000,0x00000000d6100000,0x00000000d6280000)
 ParOldGen       total 108544K, used 71650K [0x0000000080000000, 0x0000000086a00000, 0x00000000d5580000)
  object space 108544K, 66% used [0x0000000080000000,0x00000000845f8b08,0x0000000086a00000)
 Metaspace       used 60785K, committed 62272K, reserved 1114112K
  class space    used 6471K, committed 7168K, reserved 1048576K
}

