# JRE version: OpenJDK Runtime Environment Temurin-21.0.10+7 (21.0.10+7) (build 21.0.10+7-LTS)
# Java VM: OpenJDK 64-Bit Server VM Temurin-21.0.10+7 (21.0.10+7-LTS, mixed mode, sharing, tiered, compressed oops, compressed class ptrs, parallel gc, windows-amd64)
GC Precious Log:
 CardTable entry size: 512
 CPUs: 12 total, 12 available
 Memory: 16076M
 Large Page Support: Disabled
 NUMA Support: Disabled
 Compressed Oops: Enabled (32-bit)
 Alignments: Space 512K, Generation 512K, Heap 2M
 Heap Min Capacity: 100M
 Heap Initial Capacity: 100M
 Heap Max Capacity: 2G
 Pre-touch: Disabled
 Parallel Workers: 10
Heap:
 PSYoungGen      total 8192K, used 6890K [0x00000000d5580000, 0x00000000d5e80000, 0x0000000100000000)
  eden space 7680K, 83% used [0x00000000d5580000,0x00000000d5bcab20,0x00000000d5d00000)
  from space 512K, 87% used [0x00000000d5d80000,0x00000000d5df0000,0x00000000d5e00000)
  to   space 512K, 0% used [0x00000000d5e00000,0x00000000d5e00000,0x00000000d5e80000)
 ParOldGen       total 80384K, used 79996K [0x0000000080000000, 0x0000000084e80000, 0x00000000d5580000)
  object space 80384K, 99% used [0x0000000080000000,0x0000000084e1f3c8,0x0000000084e80000)
 Metaspace       used 56868K, committed 58432K, reserved 1114112K
  class space    used 6104K, committed 6784K, reserved 1048576K
GC Heap History (20 events):
Event: 130.155 GC heap before
{Heap before GC invocations=104 (full 2):
 PSYoungGen      total 8704K, used 8607K [0x00000000d5580000, 0x00000000d5f00000, 0x0000000100000000)
  eden space 8192K, 99% used [0x00000000d5580000,0x00000000d5d7fff0,0x00000000d5d80000)
  from space 512K, 81% used [0x00000000d5e00000,0x00000000d5e68000,0x00000000d5e80000)
  to   space 512K, 0% used [0x00000000d5e80000,0x00000000d5e80000,0x00000000d5f00000)
 ParOldGen       total 76800K, used 76397K [0x0000000080000000, 0x0000000084b00000, 0x00000000d5580000)
  object space 76800K, 99% used [0x0000000080000000,0x0000000084a9b6f0,0x0000000084b00000)
 Metaspace       used 53507K, committed 54912K, reserved 1114112K
  class space    used 5715K, committed 6336K, reserved 1048576K
}
Event: 130.157 GC heap after
{Heap after GC invocations=104 (full 2):
 PSYoungGen      total 8704K, used 416K [0x00000000d5580000, 0x00000000d5f00000, 0x0000000100000000)
  eden space 8192K, 0% used [0x00000000d5580000,0x00000000d5580000,0x00000000d5d80000)
  from space 512K, 81% used [0x00000000d5e80000,0x00000000d5ee8000,0x00000000d5f00000)
  to   space 512K, 0% used [0x00000000d5e00000,0x00000000d5e00000,0x00000000d5e80000)
 ParOldGen       total 76800K, used 76605K [0x0000000080000000, 0x0000000084b00000, 0x00000000d5580000)
  object space 76800K, 99% used [0x0000000080000000,0x0000000084acf6f0,0x0000000084b00000)
 Metaspace       used 53507K, committed 54912K, reserved 1114112K
  class space    used 5715K, committed 6336K, reserved 1048576K
}
Event: 130.427 GC heap before
{Heap before GC invocations=105 (full 2):
 PSYoungGen      total 8704K, used 8608K [0x00000000d5580000, 0x00000000d5f00000, 0x0000000100000000)
  eden space 8192K, 100% used [0x00000000d5580000,0x00000000d5d80000,0x00000000d5d80000)
  from space 512K, 81% used [0x00000000d5e80000,0x00000000d5ee8000,0x00000000d5f00000)
  to   space 512K, 0% used [0x00000000d5e00000,0x00000000d5e00000,0x00000000d5e80000)
 ParOldGen       total 76800K, used 76605K [0x0000000080000000, 0x0000000084b00000, 0x00000000d5580000)
  object space 76800K, 99% used [0x0000000080000000,0x0000000084acf6f0,0x0000000084b00000)
 Metaspace       used 53510K, committed 54912K, reserved 1114112K
  class space    used 5715K, committed 6336K, reserved 1048576K
}
Event: 130.432 GC heap after
{Heap after GC invocations=105 (full 2):
 PSYoungGen      total 8704K, used 416K [0x00000000d5580000, 0x00000000d5f00000, 0x0000000100000000)
  eden space 8192K, 0% used [0x00000000d5580000,0x00000000d5580000,0x00000000d5d80000)
  from space 512K, 81% used [0x00000000d5e00000,0x00000000d5e68000,0x00000000d5e80000)
  to   space 512K, 0% used [0x00000000d5e80000,0x00000000d5e80000,0x00000000d5f00000)
 ParOldGen       total 77312K, used 76813K [0x0000000080000000, 0x0000000084b80000, 0x00000000d5580000)
  object space 77312K, 99% used [0x0000000080000000,0x0000000084b036f0,0x0000000084b80000)
 Metaspace       used 53510K, committed 54912K, reserved 1114112K
  class space    used 5715K, committed 6336K, reserved 1048576K
}
Event: 131.326 GC heap before
{Heap before GC invocations=106 (full 2):
 PSYoungGen      total 8704K, used 8608K [0x00000000d5580000, 0x00000000d5f00000, 0x0000000100000000)
  eden space 8192K, 100% used [0x00000000d5580000,0x00000000d5d80000,0x00000000d5d80000)
  from space 512K, 81% used [0x00000000d5e00000,0x00000000d5e68000,0x00000000d5e80000)
  to   space 512K, 0% used [0x00000000d5e80000,0x00000000d5e80000,0x00000000d5f00000)
 ParOldGen       total 77312K, used 76813K [0x0000000080000000, 0x0000000084b80000, 0x00000000d5580000)
  object space 77312K, 99% used [0x0000000080000000,0x0000000084b036f0,0x0000000084b80000)
 Metaspace       used 53650K, committed 55040K, reserved 1114112K
  class space    used 5726K, committed 6336K, reserved 1048576K
}
Event: 131.329 GC heap after
{Heap after GC invocations=106 (full 2):
 PSYoungGen      total 8192K, used 512K [0x00000000d5580000, 0x00000000d6080000, 0x0000000100000000)
  eden space 7680K, 0% used [0x00000000d5580000,0x00000000d5580000,0x00000000d5d00000)
  from space 512K, 100% used [0x00000000d5e80000,0x00000000d5f00000,0x00000000d5f00000)
  to   space 1536K, 0% used [0x00000000d5d00000,0x00000000d5d00000,0x00000000d5e80000)
 ParOldGen       total 77312K, used 77245K [0x0000000080000000, 0x0000000084b80000, 0x00000000d5580000)
  object space 77312K, 99% used [0x0000000080000000,0x0000000084b6f6f0,0x0000000084b80000)
 Metaspace       used 53650K, committed 55040K, reserved 1114112K
  class space    used 5726K, committed 6336K, reserved 1048576K
}
Event: 131.622 GC heap before
{Heap before GC invocations=107 (full 2):
 PSYoungGen      total 8192K, used 8187K [0x00000000d5580000, 0x00000000d6080000, 0x0000000100000000)
  eden space 7680K, 99% used [0x00000000d5580000,0x00000000d5cfecb0,0x00000000d5d00000)
  from space 512K, 100% used [0x00000000d5e80000,0x00000000d5f00000,0x00000000d5f00000)
  to   space 1536K, 0% used [0x00000000d5d00000,0x00000000d5d00000,0x00000000d5e80000)
 ParOldGen       total 77312K, used 77245K [0x0000000080000000, 0x0000000084b80000, 0x00000000d5580000)
  object space 77312K, 99% used [0x0000000080000000,0x0000000084b6f6f0,0x0000000084b80000)
 Metaspace       used 53708K, committed 55104K, reserved 1114112K
  class space    used 5736K, committed 6336K, reserved 1048576K
}
Event: 131.625 GC heap after
{Heap after GC invocations=107 (full 2):
 PSYoungGen      total 8704K, used 688K [0x00000000d5580000, 0x00000000d5f00000, 0x0000000100000000)
  eden space 7680K, 0% used [0x00000000d5580000,0x00000000d5580000,0x00000000d5d00000)
  from space 1024K, 67% used [0x00000000d5d00000,0x00000000d5dac010,0x00000000d5e00000)
  to   space 1024K, 0% used [0x00000000d5e00000,0x00000000d5e00000,0x00000000d5f00000)
 ParOldGen       total 77824K, used 77773K [0x0000000080000000, 0x0000000084c00000, 0x00000000d5580000)
  object space 77824K, 99% used [0x0000000080000000,0x0000000084bf36f0,0x0000000084c00000)
 Metaspace       used 53708K, committed 55104K, reserved 1114112K
  class space    used 5736K, committed 6336K, reserved 1048576K
}
Event: 132.240 GC heap before
{Heap before GC invocations=108 (full 2):
 PSYoungGen      total 8704K, used 8368K [0x00000000d5580000, 0x00000000d5f00000, 0x0000000100000000)
  eden space 7680K, 100% used [0x00000000d5580000,0x00000000d5d00000,0x00000000d5d00000)
  from space 1024K, 67% used [0x00000000d5d00000,0x00000000d5dac010,0x00000000d5e00000)
  to   space 1024K, 0% used [0x00000000d5e00000,0x00000000d5e00000,0x00000000d5f00000)
 ParOldGen       total 77824K, used 77773K [0x0000000080000000, 0x0000000084c00000, 0x00000000d5580000)
  object space 77824K, 99% used [0x0000000080000000,0x0000000084bf36f0,0x0000000084c00000)
 Metaspace       used 53956K, committed 55360K, reserved 1114112K
  class space    used 5755K, committed 6336K, reserved 1048576K
}
Event: 132.246 GC heap after
{Heap after GC invocations=108 (full 2):
 PSYoungGen      total 8704K, used 896K [0x00000000d5580000, 0x00000000d5f00000, 0x0000000100000000)
  eden space 7680K, 0% used [0x00000000d5580000,0x00000000d5580000,0x00000000d5d00000)
  from space 1024K, 87% used [0x00000000d5e00000,0x00000000d5ee0010,0x00000000d5f00000)
  to   space 1024K, 0% used [0x00000000d5d00000,0x00000000d5d00000,0x00000000d5e00000)
 ParOldGen       total 78336K, used 78245K [0x0000000080000000, 0x0000000084c80000, 0x00000000d5580000)
  object space 78336K, 99% used [0x0000000080000000,0x0000000084c696f0,0x0000000084c80000)
 Metaspace       used 53956K, committed 55360K, reserved 1114112K
  class space    used 5755K, committed 6336K, reserved 1048576K
}
Event: 132.677 GC heap before
{Heap before GC invocations=109 (full 2):
 PSYoungGen      total 8704K, used 8576K [0x00000000d5580000, 0x00000000d5f00000, 0x0000000100000000)
  eden space 7680K, 100% used [0x00000000d5580000,0x00000000d5d00000,0x00000000d5d00000)
  from space 1024K, 87% used [0x00000000d5e00000,0x00000000d5ee0010,0x00000000d5f00000)
  to   space 1024K, 0% used [0x00000000d5d00000,0x00000000d5d00000,0x00000000d5e00000)
 ParOldGen       total 78336K, used 78245K [0x0000000080000000, 0x0000000084c80000, 0x00000000d5580000)
  object space 78336K, 99% used [0x0000000080000000,0x0000000084c696f0,0x0000000084c80000)
 Metaspace       used 54640K, committed 56064K, reserved 1114112K
  class space    used 5809K, committed 6400K, reserved 1048576K
}
Event: 132.680 GC heap after
{Heap after GC invocations=109 (full 2):
 PSYoungGen      total 8704K, used 512K [0x00000000d5580000, 0x00000000d5f00000, 0x0000000100000000)
  eden space 7680K, 0% used [0x00000000d5580000,0x00000000d5580000,0x00000000d5d00000)
  from space 1024K, 50% used [0x00000000d5d00000,0x00000000d5d80020,0x00000000d5e00000)
  to   space 1024K, 0% used [0x00000000d5e00000,0x00000000d5e00000,0x00000000d5f00000)
 ParOldGen       total 79360K, used 79010K [0x0000000080000000, 0x0000000084d80000, 0x00000000d5580000)
  object space 79360K, 99% used [0x0000000080000000,0x0000000084d289a0,0x0000000084d80000)
 Metaspace       used 54640K, committed 56064K, reserved 1114112K
  class space    used 5809K, committed 6400K, reserved 1048576K
}
Event: 133.248 GC heap before
{Heap before GC invocations=110 (full 2):
 PSYoungGen      total 8704K, used 8154K [0x00000000d5580000, 0x00000000d5f00000, 0x0000000100000000)
  eden space 7680K, 99% used [0x00000000d5580000,0x00000000d5cf6a48,0x00000000d5d00000)
  from space 1024K, 50% used [0x00000000d5d00000,0x00000000d5d80020,0x00000000d5e00000)
  to   space 1024K, 0% used [0x00000000d5e00000,0x00000000d5e00000,0x00000000d5f00000)
 ParOldGen       total 79360K, used 79010K [0x0000000080000000, 0x0000000084d80000, 0x00000000d5580000)
  object space 79360K, 99% used [0x0000000080000000,0x0000000084d289a0,0x0000000084d80000)
 Metaspace       used 55147K, committed 56640K, reserved 1114112K
  class space    used 5880K, committed 6528K, reserved 1048576K
}
Event: 133.251 GC heap after
{Heap after GC invocations=110 (full 2):
 PSYoungGen      total 8192K, used 390K [0x00000000d5580000, 0x00000000d5e80000, 0x0000000100000000)
  eden space 7680K, 0% used [0x00000000d5580000,0x00000000d5580000,0x00000000d5d00000)
  from space 512K, 76% used [0x00000000d5e00000,0x00000000d5e61a50,0x00000000d5e80000)
  to   space 512K, 0% used [0x00000000d5d80000,0x00000000d5d80000,0x00000000d5e00000)
 ParOldGen       total 79360K, used 79353K [0x0000000080000000, 0x0000000084d80000, 0x00000000d5580000)
  object space 79360K, 99% used [0x0000000080000000,0x0000000084d7e6a0,0x0000000084d80000)
 Metaspace       used 55147K, committed 56640K, reserved 1114112K
  class space    used 5880K, committed 6528K, reserved 1048576K
}
Event: 135.543 GC heap before
{Heap before GC invocations=111 (full 2):
 PSYoungGen      total 8192K, used 8058K [0x00000000d5580000, 0x00000000d5e80000, 0x0000000100000000)
  eden space 7680K, 99% used [0x00000000d5580000,0x00000000d5cfd0f0,0x00000000d5d00000)
  from space 512K, 76% used [0x00000000d5e00000,0x00000000d5e61a50,0x00000000d5e80000)
  to   space 512K, 0% used [0x00000000d5d80000,0x00000000d5d80000,0x00000000d5e00000)
 ParOldGen       total 79360K, used 79353K [0x0000000080000000, 0x0000000084d80000, 0x00000000d5580000)
  object space 79360K, 99% used [0x0000000080000000,0x0000000084d7e6a0,0x0000000084d80000)
 Metaspace       used 55969K, committed 57472K, reserved 1114112K
  class space    used 5988K, committed 6592K, reserved 1048576K
}
Event: 135.547 GC heap after
{Heap after GC invocations=111 (full 2):
 PSYoungGen      total 8192K, used 504K [0x00000000d5580000, 0x00000000d5f00000, 0x0000000100000000)
  eden space 7680K, 0% used [0x00000000d5580000,0x00000000d5580000,0x00000000d5d00000)
  from space 512K, 98% used [0x00000000d5d80000,0x00000000d5dfe2e8,0x00000000d5e00000)
  to   space 1024K, 0% used [0x00000000d5e00000,0x00000000d5e00000,0x00000000d5f00000)
 ParOldGen       total 79872K, used 79569K [0x0000000080000000, 0x0000000084e00000, 0x00000000d5580000)
  object space 79872K, 99% used [0x0000000080000000,0x0000000084db46a0,0x0000000084e00000)
 Metaspace       used 55969K, committed 57472K, reserved 1114112K
  class space    used 5988K, committed 6592K, reserved 1048576K
}
Event: 136.586 GC heap before
{Heap before GC invocations=112 (full 2):
 PSYoungGen      total 8192K, used 8184K [0x00000000d5580000, 0x00000000d5f00000, 0x0000000100000000)
  eden space 7680K, 100% used [0x00000000d5580000,0x00000000d5d00000,0x00000000d5d00000)
  from space 512K, 98% used [0x00000000d5d80000,0x00000000d5dfe2e8,0x00000000d5e00000)
  to   space 1024K, 0% used [0x00000000d5e00000,0x00000000d5e00000,0x00000000d5f00000)
 ParOldGen       total 79872K, used 79569K [0x0000000080000000, 0x0000000084e00000, 0x00000000d5580000)
  object space 79872K, 99% used [0x0000000080000000,0x0000000084db46a0,0x0000000084e00000)
 Metaspace       used 56078K, committed 57536K, reserved 1114112K
  class space    used 6027K, committed 6656K, reserved 1048576K
}
Event: 136.588 GC heap after
{Heap after GC invocations=112 (full 2):
 PSYoungGen      total 8192K, used 192K [0x00000000d5580000, 0x00000000d5e80000, 0x0000000100000000)
  eden space 7680K, 0% used [0x00000000d5580000,0x00000000d5580000,0x00000000d5d00000)
  from space 512K, 37% used [0x00000000d5e00000,0x00000000d5e30000,0x00000000d5e80000)
  to   space 512K, 0% used [0x00000000d5d80000,0x00000000d5d80000,0x00000000d5e00000)
 ParOldGen       total 80384K, used 79940K [0x0000000080000000, 0x0000000084e80000, 0x00000000d5580000)
  object space 80384K, 99% used [0x0000000080000000,0x0000000084e113c8,0x0000000084e80000)
 Metaspace       used 56078K, committed 57536K, reserved 1114112K
  class space    used 6027K, committed 6656K, reserved 1048576K
}
Event: 140.196 GC heap before
{Heap before GC invocations=113 (full 2):
 PSYoungGen      total 8192K, used 7872K [0x00000000d5580000, 0x00000000d5e80000, 0x0000000100000000)
  eden space 7680K, 100% used [0x00000000d5580000,0x00000000d5d00000,0x00000000d5d00000)
  from space 512K, 37% used [0x00000000d5e00000,0x00000000d5e30000,0x00000000d5e80000)
  to   space 512K, 0% used [0x00000000d5d80000,0x00000000d5d80000,0x00000000d5e00000)
 ParOldGen       total 80384K, used 79940K [0x0000000080000000, 0x0000000084e80000, 0x00000000d5580000)
  object space 80384K, 99% used [0x0000000080000000,0x0000000084e113c8,0x0000000084e80000)
 Metaspace       used 56498K, committed 57920K, reserved 1114112K
  class space    used 6073K, committed 6720K, reserved 1048576K
}
Event: 140.199 GC heap after
{Heap after GC invocations=113 (full 2):
 PSYoungGen      total 8192K, used 448K [0x00000000d5580000, 0x00000000d5e80000, 0x0000000100000000)
  eden space 7680K, 0% used [0x00000000d5580000,0x00000000d5580000,0x00000000d5d00000)
  from space 512K, 87% used [0x00000000d5d80000,0x00000000d5df0000,0x00000000d5e00000)
  to   space 512K, 0% used [0x00000000d5e00000,0x00000000d5e00000,0x00000000d5e80000)
 ParOldGen       total 80384K, used 79996K [0x0000000080000000, 0x0000000084e80000, 0x00000000d5580000)
  object space 80384K, 99% used [0x0000000080000000,0x0000000084e1f3c8,0x0000000084e80000)
 Metaspace       used 56498K, committed 57920K, reserved 1114112K
  class space    used 6073K, committed 6720K, reserved 1048576K
}

